<?xml version="1.0" encoding="UTF-8"?>
<!-- Generated by org.testng.reporters.JUnitXMLReporter -->
<testsuite hostname="PDCDT01GY4ZVQ1" ignored="2" name="Test" tests="10" failures="1" timestamp="2020-03-04T15:01:02 GMT" time="4.308" errors="0">
  <testcase name="g1" time="0.017" classname="BrowserFirst.NewTest"/>
  <testcase name="g2" time="0.004" classname="BrowserFirst.NewTest">
    <failure type="java.lang.AssertionError" message="expected [false] but found [true]">
      <![CDATA[java.lang.AssertionError: expected [false] but found [true]
at BrowserFirst.NewTest.g2(NewTest.java:22)
at java.util.ArrayList.forEach(Unknown Source)
... Removed 32 stack frames]]>
    </failure>
  </testcase> <!-- g2 -->
  <testcase name="g3" time="0.014" classname="BrowserFirst.NewTest"/>
  <testcase name="g4" time="0.006" classname="BrowserFirst.NewTest"/>
  <testcase name="n1" time="0.005" classname="BrowserFirst.NewTest1"/>
  <testcase name="n2" time="0.003" classname="BrowserFirst.NewTest1"/>
  <testcase name="n3" time="0.004" classname="BrowserFirst.NewTest1"/>
  <testcase name="n4" time="0.002" classname="BrowserFirst.NewTest1"/>
  <testcase name="n5" time="0.006" classname="BrowserFirst.NewTest1"/>
  <testcase name="n6" time="0.003" classname="BrowserFirst.NewTest1"/>
  <testcase name="@BeforeSuite beforeSuite" time="0.0" classname="BrowserFirst.BrowserFunction">
    <ignored/>
  </testcase> <!-- @BeforeSuite beforeSuite -->
  <testcase name="@AfterSuite afterSuite" time="0.0" classname="BrowserFirst.BrowserFunction">
    <ignored/>
  </testcase> <!-- @AfterSuite afterSuite -->
</testsuite> <!-- Test -->
